0,0,0,0;0,1,0,0;0,0,0,0;1,0,0,0;0,0,0,0::4
0,0,0,0;0,0,0,1;0,0,0,0;0,0,0,1;0,0,0,0;0,0,0,1;0,0,0,0;0,1,0,0;0,0,0,0;1,0,0,0;1,1,1,1::10
0,0,0,0;0,1,0,0;0,0,0,0;0,1,0,0;0,0,0,0;0,1,0,0;0,0,0,0;0,1,0,0;0,0,0,0;0,1,0,0;0,0,0,0;0,1,0,0;0,0,0,0;0,1,0,0;0,0,0,0;0,1,0,0;0,0,0,0;0,1,0,0;0,0,0,0;0,1,0,0;0,0,0,0;0,1,0,0;0,0,0,0;0,1,0,0;0,0,0,0;1,0,0,0;1,1,1,1::26
---
0,0,0,0;0,0,0,1;0,0,0,0;0,0,0,1;0,0,0,0;0,0,0,1;0,0,0,0;0,0,0,1;0,0,0,0;1,0,0,0;1,1,1,1::10
0,0,0,1;0,0,0,0;0,0,0,1;0,0,0,0;0,0,0,1;0,0,0,0;0,0,0,1;0,0,0,0;0,0,0,1;0,0,0,0;0,0,0,1;0,0,0,0;0,0,0,1;0,0,0,0;0,0,0,1;0,0,0,0;0,0,0,1;0,0,0,0;0,0,0,1;0,0,0,0;0,0,0,1;0,0,0,0;0,0,0,1;0,0,0,0;0,1,0,0;1,1,1,1::25
0,0,0,0;1,1,1,1::1
0,0,0,0;1,1,1,1::1
0,0,0,0;0,1,0,0;1,1,1,1::2
0,0,0,1;1,1,1,1::1
0,0,0,0;1,1,1,1::1
0,0,0,0;1,1,1,1::1
0,0,0,0;0,0,0,1;0,0,0,0;0,0,0,1;0,0,0,0;0,0,0,1;0,0,0,0;0,0,0,1;0,0,0,0;0,0,0,1;0,0,0,0;0,0,0,1;0,0,0,0;0,0,0,1;0,0,0,0;0,0,0,1;0,0,0,0;0,0,0,1;0,0,0,0;0,0,0,1;0,0,0,0;1,0,0,0;0,0,0,0;1,0,0,0;0,0,0,0;1,0,0,0;0,0,0,0;1,0,0,0;0,0,0,0;1,0,0,0;0,0,0,0;1,0,0,0;0,0,0,0;1,0,0,0;0,0,0,0;1,0,0,0;0,0,0,0;0,1,0,0;0,0,0,0;1,1,1,1::39
0,0,0,0;0,0,0,1;0,0,0,0;0,0,0,1;0,0,0,0;0,0,0,1;0,0,0,0;0,0,0,1;0,0,0,0;0,0,0,1;0,0,0,0;0,0,0,1;0,0,0,0;0,0,0,1;0,0,0,0;0,0,0,1;0,0,0,0;0,0,0,1;0,0,0,0;0,0,0,1;0,0,0,0;0,0,0,1;0,0,0,0;0,0,0,1;0,0,0,0;0,0,0,1;0,0,0,0;0,0,0,1;0,0,0,0;0,0,1,0;0,0,0,0;0,0,1,0;0,0,0,0;0,0,0,1;0,0,0,0;0,0,0,1;0,0,0,0;0,0,0,1;0,0,0,0;0,0,0,1;0,0,0,0;0,0,0,1;0,0,0,0;0,0,0,1;0,0,0,0;0,0,0,1;0,0,0,0;0,0,0,1;0,0,0,0;0,0,0,1;0,0,0,0;0,0,0,1;0,0,0,0;0,0,0,1;0,0,0,0;0,0,0,1;0,0,0,0;0,0,0,1;0,0,0,0;0,0,0,1;0,0,0,0;0,0,0,1;0,0,0,0;0,1,0,0;1,1,1,1::64
0,0,0,0;1,1,1,1::1
0,0,0,0;0,0,1,0;0,0,0,0;0,0,1,0;0,0,0,0;0,0,1,0;0,0,0,0;0,0,1,0;0,0,0,0;0,0,1,0;0,0,0,0;0,0,1,0;0,0,0,0;0,0,1,0;0,0,0,0;0,0,1,0;0,0,0,0;0,0,1,0;0,0,0,0;0,0,1,0;0,0,0,0;0,0,1,0;0,0,0,0;0,0,1,0;0,0,0,0;0,0,1,0;0,0,0,0;0,0,1,0;0,0,0,0;0,0,1,0;0,0,0,0;0,0,1,0;0,0,0,0;0,0,1,0;0,0,0,0;0,0,1,0;0,0,0,0;0,0,1,0;0,0,0,0;0,0,1,0;0,0,0,0;1,0,0,0;0,0,0,0;1,1,1,1::43
0,0,0,0;1,1,1,1::1
0,0,0,0;1,1,1,1::1
0,0,0,0;0,0,0,1;0,0,0,0;0,0,0,1;0,0,0,0;0,0,0,1;0,0,0,0;0,0,0,1;0,0,0,0;0,0,0,1;0,0,0,0;0,0,0,1;0,0,0,0;0,0,1,0;0,0,0,0;0,0,1,0;0,0,0,0;0,0,1,0;0,0,0,0;0,0,1,0;0,0,0,0;0,0,1,0;0,0,0,0;0,1,0,0;0,0,0,0;0,1,0,0;0,0,0,0;1,1,1,1::27
0,0,0,0;0,0,0,1;0,0,0,0;0,0,0,1;0,0,0,0;0,0,0,1;0,0,0,0;0,0,0,1;0,0,0,0;0,0,0,1;0,0,0,0;0,0,0,1;0,0,0,0;0,0,0,1;0,0,0,0;0,0,0,1;0,0,0,0;0,0,0,1;0,0,0,0;0,0,0,1;0,0,0,0;0,0,0,1;0,0,0,0;0,0,0,1;0,0,0,0;0,0,0,1;0,0,0,0;0,0,1,0;0,0,0,0;0,1,0,0;0,0,0,0;0,1,0,0;0,0,0,0;0,1,0,0;0,0,0,0;0,1,0,0;0,0,0,0;1,1,1,1::37
---
G,F,!,U,&,|,->,X