0,0,0,0;0,1,0,0;0,0,0,0;1,0,0,0;0,0,0,0::4
0,0,0,0;0,1,0,0;0,0,0,0;0,1,0,0;0,0,0,0;0,1,0,0;0,0,0,0;0,1,0,0;0,0,0,0;0,1,0,0;0,0,0,0;0,1,0,0;0,0,0,0;0,1,0,0;0,0,0,0;0,1,0,0;0,0,0,0;0,1,0,0;0,0,0,0;0,1,0,0;0,0,0,0;0,1,0,0;0,0,0,0;0,1,0,0;0,0,0,0;1,0,0,0;0,0,0,0::26
0,0,0,0;1,0,0,0;0,0,0,0;1,0,0,0;0,0,0,0;1,0,0,0;0,0,0,0;1,0,0,0;0,0,0,0;1,0,0,0;0,0,0,0;1,0,0,0;0,0,0,0;1,0,0,0;0,0,0,0;1,0,0,0;0,0,0,0;0,1,0,0;0,0,0,0;1,0,0,0;0,0,0,0::20
0,0,0,0;0,1,0,0;0,0,0,0;0,1,0,0;0,0,0,0;0,1,0,0;0,0,0,0;0,1,0,0;0,0,0,0;0,1,0,0;0,0,0,0;0,1,0,0;0,0,0,0;0,1,0,0;0,0,0,0;0,1,0,0;0,0,0,0;0,1,0,0;0,0,0,0;0,1,0,0;0,0,0,0;0,1,0,0;0,0,0,0;0,1,0,0;0,0,0,0;0,1,0,0;0,0,0,0;0,1,0,0;0,0,0,0;0,1,0,0;0,0,0,0;1,0,0,0;0,0,0,0::32
0,0,0,0;1,0,0,0;0,0,0,0;1,0,0,0;0,0,0,0;1,0,0,0;0,0,0,0;1,0,0,0;0,0,0,0;1,0,0,0;0,0,0,0;1,0,0,0;0,0,0,0;1,0,0,0;0,0,0,0;1,0,0,0;0,0,0,0;1,0,0,0;0,0,0,0;1,0,0,0;0,0,0,0;1,0,0,0;0,0,0,0;1,0,0,0;0,0,0,0;1,0,0,0;0,0,0,0;1,0,0,0;0,0,0,0;1,0,0,0;0,0,0,0;1,0,0,0;0,0,0,0;1,0,0,0;0,0,0,0;0,1,0,0;0,0,0,0;0,1,0,0;0,0,0,0;0,1,0,0;0,0,0,0;0,1,0,0;0,0,0,0;1,0,0,0;0,0,0,0::44
---
0,0,0,0;0,0,1,0;0,0,0,0;0,0,1,0;0,0,0,0;0,0,1,0;0,0,0,0;0,0,1,0;0,0,0,0;0,0,1,0;0,0,0,0;0,0,1,0;0,0,0,0;0,0,1,0;0,0,0,0;0,0,1,0;0,0,0,0;0,0,0,1;0,0,0,0;0,1,0,0;0,0,0,0::20
0,0,0,0;1,0,0,0;0,0,0,0::2
0,0,0,0;0,1,0,0;0,0,0,0::2
0,0,0,0;1,0,0,0;0,0,0,0::2
0,1,0,0;0,0,0,0::1
0,0,0,0;1,0,0,0;0,0,0,0::2
0,0,0,0;1,0,0,0;0,0,0,0::2
0,0,0,0;1,0,0,0;0,0,0,0::2
0,0,0,0;0,0,0,1;0,0,0,0;0,0,0,1;0,0,0,0;0,0,0,1;0,0,0,0;0,0,0,1;0,0,0,0;0,0,0,1;0,0,0,0;1,0,0,0;0,0,0,0::12
0,0,0,0;1,0,0,0;0,0,0,0::2
0,0,0,0;1,0,0,0;0,0,0,0;1,0,0,0;0,0,0,0;1,0,0,0;0,0,0,0;1,0,0,0;0,0,0,0;1,0,0,0;0,0,0,0;1,0,0,0;0,0,0,0;1,0,0,0;0,0,0,0;1,0,0,0;0,0,0,0;1,0,0,0;0,0,0,0;1,0,0,0;0,0,0,0;1,0,0,0;0,0,0,0;0,1,0,0;0,0,0,0::24
0,0,0,0;1,0,0,0;0,0,0,0::2
0,0,0,0;0,0,1,0;0,0,0,0;0,0,1,0;0,0,0,0;0,0,1,0;0,0,0,0;0,0,1,0;0,0,0,0;0,0,1,0;0,0,0,0;0,0,1,0;0,0,0,0;0,0,1,0;0,0,0,0;0,1,0,0;0,0,0,0;1,0,0,0;0,0,0,0::18
0,0,0,0;0,1,0,0;0,0,0,0;0,1,0,0;0,0,0,0;0,1,0,0;0,0,0,0;0,1,0,0;0,0,0,0;0,1,0,0;0,0,0,0;0,0,1,0;0,0,0,0::12
0,0,0,0;0,1,0,0;0,0,0,0;1,0,0,0;0,0,0,0::4
---
G,F,!,U,&,|,->,X